#
# A fatal error has been detected by the Java Runtime Environment:
#
#  EXCEPTION_ACCESS_VIOLATION (0xc0000005) at pc=0x00007fff1ee83a9c, pid=12776, tid=13016
#
# JRE version: OpenJDK Runtime Environment (19.0.2+7) (build 19.0.2+7-44)
# Java VM: OpenJDK 64-Bit Server VM (19.0.2+7-44, mixed mode, sharing, tiered, compressed oops, compressed class ptrs, g1 gc, windows-amd64)
# Problematic frame:
# C  0x00007fff1ee83a9c
#
# No core dump will be written. Minidumps are not enabled by default on client versions of Windows
#
# If you would like to submit a bug report, please visit:
#   https://bugreport.java.com/bugreport/crash.jsp
#

---------------  S U M M A R Y ------------

Command Line: -javaagent:C:\Users\timon\AppData\Local\JetBrains\Toolbox\apps\IDEA-U\ch-0\231.8109.175\lib\idea_rt.jar=62302:C:\Users\timon\AppData\Local\JetBrains\Toolbox\apps\IDEA-U\ch-0\231.8109.175\bin -Dfile.encoding=UTF-8 -Dsun.stdout.encoding=UTF-8 -Dsun.stderr.encoding=UTF-8 Main C:\Users\timon\Desktop\Coding_files\java\Voxatron\Assets\

Host: 12th Gen Intel(R) Core(TM) i7-12700H, 20 cores, 15G,  Windows 11 , 64 bit Build 22621 (10.0.22621.1485)
Time: Wed Apr 19 10:51:56 2023 Mitteleuropäische Sommerzeit elapsed time: 3.393340 seconds (0d 0h 0m 3s)

---------------  T H R E A D  ---------------

Current thread (0x000001cb3556a6d0):  VMThread "VM Thread" [stack: 0x0000001904500000,0x0000001904600000] [id=13016]

Stack: [0x0000001904500000,0x0000001904600000],  sp=0x00000019045fe2a0,  free space=1016k
Native frames: (J=compiled Java code, j=interpreted, Vv=VM code, C=native code)
C  0x00007fff1ee83a9c


siginfo: EXCEPTION_ACCESS_VIOLATION (0xc0000005), reading address 0x0000000000035718


Registers:
RAX=0x000001cb3c521e20, RBX=0x000001cb3c521cd0, RCX=0x0000000000000000, RDX=0x0000000000000001
RSP=0x00000019045fe2a0, RBP=0x0000000000000000, RSI=0x000001cb3c5222a0, RDI=0x000001cb3b108580
R8 =0x0000000000000014, R9 =0x0000000000000000, R10=0x0000000000000000, R11=0x0000000000000000
R12=0x0000000000000000, R13=0x000001cb3c51eee0, R14=0x0000000000000000, R15=0x0000000000000016
RIP=0x00007fff1ee83a9c, EFLAGS=0x0000000000010202


Register to memory mapping:

RIP=0x00007fff1ee83a9c points into unknown readable memory: 48 3b 8d 18
RAX=0x000001cb3c521e20 points into unknown readable memory: 0x0000000000000053 | 53 00 00 00 00 00 00 00
RBX=0x000001cb3c521cd0 points into unknown readable memory: 0x000001cb3d6d63b0 | b0 63 6d 3d cb 01 00 00
RCX=0x0 is NULL
RDX=0x0000000000000001 is an unknown value
RSP=0x00000019045fe2a0 points into unknown readable memory: 0x000001cb3b2032a0 | a0 32 20 3b cb 01 00 00
RBP=0x0 is NULL
RSI=0x000001cb3c5222a0 points into unknown readable memory: 0x000001cb3c51eee0 | e0 ee 51 3c cb 01 00 00
RDI=0x000001cb3b108580 points into unknown readable memory: 0x000001cb3ae3d700 | 00 d7 e3 3a cb 01 00 00
R8 =0x0000000000000014 is an unknown value
R9 =0x0 is NULL
R10=0x0 is NULL
R11=0x0 is NULL
R12=0x0 is NULL
R13=0x000001cb3c51eee0 points into unknown readable memory: 0x000001cb3d6d63b0 | b0 63 6d 3d cb 01 00 00
R14=0x0 is NULL
R15=0x0000000000000016 is an unknown value


Top of Stack: (sp=0x00000019045fe2a0)
0x00000019045fe2a0:   000001cb3b2032a0 0000000000000000
0x00000019045fe2b0:   023dca930211c093 00007fffd4152c94
0x00000019045fe2c0:   01e05a9401f73994 015ba19402275b94
0x00000019045fe2d0:   00519b95016e1295 02176a9601339f95
0x00000019045fe2e0:   000001cb3c4ecde0 0000000000000054
0x00000019045fe2f0:   0000000000000000 0000000000000017
0x00000019045fe300:   0000000000000000 0000000000000000
0x00000019045fe310:   00000019045fe420 00007fff1ee5dffc
0x00000019045fe320:   000001cb3b2032a0 000001cb3b108580
0x00000019045fe330:   025d06a200060500 021096a202315500
0x00000019045fe340:   0000001900001104 0000740419620000
0x00000019045fe350:   0000000000000000 01e9aea4028d77a4
0x00000019045fe360:   02329ea5022e09a5 0177faa500cfada5
0x00000019045fe370:   029574a600a644a6 00b3e9a6011d95a6
0x00000019045fe380:   00a836a7023501a7 00007fff1eedfc8c
0x00000019045fe390:   0000000000000001 00007fff1eed8d78 

Instructions: (pc=0x00007fff1ee83a9c)
0x00007fff1ee8399c:   ec 40 45 8a e1 48 8b fa 48 8b e9 48 8b 1d f2 a3
0x00007fff1ee839ac:   c8 00 48 89 58 08 48 8b cb ff 15 55 17 82 00 90
0x00007fff1ee839bc:   4c 8b af 78 02 00 00 48 8b 05 26 85 b8 00 44 8b
0x00007fff1ee839cc:   b8 58 0b 00 00 45 33 db 45 8a f3 4c 89 9f 78 02
0x00007fff1ee839dc:   00 00 44 89 9f 80 02 00 00 4c 89 9f 98 02 00 00
0x00007fff1ee839ec:   4c 89 9f 88 02 00 00 48 85 ed 75 38 8b 35 da 7d
0x00007fff1ee839fc:   c8 00 65 48 8b 04 25 58 00 00 00 b9 14 00 00 00
0x00007fff1ee83a0c:   48 8b 04 f0 44 38 1c 01 0f 84 7b 1f 70 00 65 48
0x00007fff1ee83a1c:   8b 04 25 58 00 00 00 bd 20 00 00 00 48 8b 04 f0
0x00007fff1ee83a2c:   48 8b 2c 28 48 3b 2d e9 a2 c8 00 45 0f 44 fb 4d
0x00007fff1ee83a3c:   85 ed 0f 84 21 01 00 00 44 8a a4 24 90 00 00 00
0x00007fff1ee83a4c:   49 8b dd 49 8d b5 d0 05 00 00 4c 8b 2e 45 84 e4
0x00007fff1ee83a5c:   0f 85 2a 03 00 00 8b 97 c8 01 00 00 48 8b 05 81
0x00007fff1ee83a6c:   84 b8 00 83 b8 78 03 00 00 02 75 31 83 fa 10 0f
0x00007fff1ee83a7c:   83 17 01 00 00 48 8d 04 d5 21 00 00 00 48 03 c2
0x00007fff1ee83a8c:   48 8d 04 c3 48 85 c0 0f 85 2e 01 00 00 49 8b cb
0x00007fff1ee83a9c:   48 3b 8d 18 57 03 00 0f 87 f3 02 00 00 4c 39 9b
0x00007fff1ee83aac:   48 06 00 00 0f 85 1f 1f 70 00 44 8b 97 c8 01 00
0x00007fff1ee83abc:   00 48 8b 87 e0 01 00 00 4c 8b 08 8b 97 c8 01 00
0x00007fff1ee83acc:   00 83 fa 10 0f 83 03 01 00 00 48 8d 04 d5 21 00
0x00007fff1ee83adc:   00 00 48 03 c2 48 8d 04 c3 48 85 c0 0f 85 e2 00
0x00007fff1ee83aec:   00 00 49 8b cb 49 3b c9 0f 86 0e 01 00 00 48 8b
0x00007fff1ee83afc:   87 78 02 00 00 48 89 06 48 89 9f 78 02 00 00 ff
0x00007fff1ee83b0c:   87 80 02 00 00 48 8b 43 08 48 8b 88 18 01 00 00
0x00007fff1ee83b1c:   48 81 e1 00 00 ff ff 48 81 c1 00 00 01 00 48 01
0x00007fff1ee83b2c:   8f 88 02 00 00 48 8b 43 08 48 8b 88 18 01 00 00
0x00007fff1ee83b3c:   48 01 8f 98 02 00 00 4d 85 ed 0f 85 00 ff ff ff
0x00007fff1ee83b4c:   45 84 f6 44 8a a4 24 98 00 00 00 0f 85 82 03 00
0x00007fff1ee83b5c:   00 48 8b 9c 24 80 00 00 00 48 8b cf 45 84 e4 0f
0x00007fff1ee83b6c:   85 8a 03 00 00 e8 8a fa ff ff 90 48 8b cb 48 8b
0x00007fff1ee83b7c:   9c 24 88 00 00 00 48 83 c4 40 41 5f 41 5e 41 5d
0x00007fff1ee83b8c:   41 5c 5f 5e 5d 48 ff 25 80 15 82 00 8d 4a f0 8b 


Stack slot to memory mapping:
stack at sp + 0 slots: 0x000001cb3b2032a0 points into unknown readable memory: 0xffffffffffffffff | ff ff ff ff ff ff ff ff
stack at sp + 1 slots: 0x0 is NULL
stack at sp + 2 slots: 0x023dca930211c093 is an unknown value
stack at sp + 3 slots: 0x00007fffd4152c94 ntdll.dll
stack at sp + 4 slots: 0x01e05a9401f73994 is an unknown value
stack at sp + 5 slots: 0x015ba19402275b94 is an unknown value
stack at sp + 6 slots: 0x00519b95016e1295 is an unknown value
stack at sp + 7 slots: 0x02176a9601339f95 is an unknown value

VM_Operation (0x00000019059fe570): Exit, mode: safepoint, requested by thread 0x000001cb3a3592f0


---------------  P R O C E S S  ---------------

Threads class SMR info:
_java_thread_list=0x000001cb39eb69b0, length=21, elements={
0x000001cb118b5260, 0x000001cb35584340, 0x000001cb35586a90, 0x000001cb3558b430,
0x000001cb3558ba50, 0x000001cb3558bf90, 0x000001cb3558ca70, 0x000001cb39c4bf50,
0x000001cb39c6d9d0, 0x000001cb35597270, 0x000001cb3555ae80, 0x000001cb39d62570,
0x000001cb39d62af0, 0x000001cb39ea4eb0, 0x000001cb39ea57f0, 0x000001cb3a2d3850,
0x000001cb39ff6f10, 0x000001cb3a3592f0, 0x000001cb3a3d2fc0, 0x000001cb3cae2fe0,
0x000001cb3a44db60
}

Java Threads: ( => current thread )
  0x000001cb118b5260 JavaThread "main" [_thread_blocked, id=21404, stack(0x0000001903f00000,0x0000001904000000)]
  0x000001cb35584340 JavaThread "Reference Handler" daemon [_thread_blocked, id=3088, stack(0x0000001904600000,0x0000001904700000)]
  0x000001cb35586a90 JavaThread "Finalizer" daemon [_thread_blocked, id=17092, stack(0x0000001904700000,0x0000001904800000)]
  0x000001cb3558b430 JavaThread "Signal Dispatcher" daemon [_thread_blocked, id=15464, stack(0x0000001904800000,0x0000001904900000)]
  0x000001cb3558ba50 JavaThread "Attach Listener" daemon [_thread_blocked, id=21680, stack(0x0000001904900000,0x0000001904a00000)]
  0x000001cb3558bf90 JavaThread "Service Thread" daemon [_thread_blocked, id=13252, stack(0x0000001904a00000,0x0000001904b00000)]
  0x000001cb3558ca70 JavaThread "Monitor Deflation Thread" daemon [_thread_blocked, id=20812, stack(0x0000001904b00000,0x0000001904c00000)]
  0x000001cb39c4bf50 JavaThread "C2 CompilerThread0" daemon [_thread_blocked, id=9728, stack(0x0000001904c00000,0x0000001904d00000)]
  0x000001cb39c6d9d0 JavaThread "C1 CompilerThread0" daemon [_thread_blocked, id=21348, stack(0x0000001904d00000,0x0000001904e00000)]
  0x000001cb35597270 JavaThread "Sweeper thread" daemon [_thread_blocked, id=5872, stack(0x0000001904e00000,0x0000001904f00000)]
  0x000001cb3555ae80 JavaThread "Common-Cleaner" daemon [_thread_blocked, id=15920, stack(0x0000001904f00000,0x0000001905000000)]
  0x000001cb39d62570 JavaThread "C1 CompilerThread1" daemon [_thread_blocked, id=16088, stack(0x0000001905000000,0x0000001905100000)]
  0x000001cb39d62af0 JavaThread "C1 CompilerThread2" daemon [_thread_blocked, id=11176, stack(0x0000001905100000,0x0000001905200000)]
  0x000001cb39ea4eb0 JavaThread "Monitor Ctrl-Break" daemon [_thread_in_native, id=14584, stack(0x0000001905300000,0x0000001905400000)]
  0x000001cb39ea57f0 JavaThread "Notification Thread" daemon [_thread_blocked, id=19816, stack(0x0000001905400000,0x0000001905500000)]
  0x000001cb3a2d3850 JavaThread "Java2D Disposer" daemon [_thread_blocked, id=21640, stack(0x0000001905600000,0x0000001905700000)]
  0x000001cb39ff6f10 JavaThread "AWT-Shutdown" [_thread_blocked, id=20428, stack(0x0000001905700000,0x0000001905800000)]
  0x000001cb3a3592f0 JavaThread "AWT-EventQueue-0" [_thread_blocked, id=15764, stack(0x0000001905900000,0x0000001905a00000)]
  0x000001cb3a3d2fc0 JavaThread "Image Fetcher 0" daemon [_thread_blocked, id=20340, stack(0x0000001905a00000,0x0000001905b00000)]
  0x000001cb3cae2fe0 JavaThread "JavaCPP Deallocator" daemon [_thread_blocked, id=21376, stack(0x0000001906900000,0x0000001906a00000)]
  0x000001cb3a44db60 JavaThread "TimerQueue" daemon [_thread_blocked, id=12440, stack(0x0000001905b00000,0x0000001905c00000)]

Other Threads:
=>0x000001cb3556a6d0 VMThread "VM Thread" [stack: 0x0000001904500000,0x0000001904600000] [id=13016]
  0x000001cb11929880 WorkerThread "GC Thread#0" [stack: 0x0000001904000000,0x0000001904100000] [id=5328]
  0x000001cb3556b210 WorkerThread "GC Thread#1" [stack: 0x0000001906000000,0x0000001906100000] [id=19720]
  0x000001cb3556b4e0 WorkerThread "GC Thread#2" [stack: 0x0000001906100000,0x0000001906200000] [id=18384]
  0x000001cb3556bd50 WorkerThread "GC Thread#3" [stack: 0x0000001906200000,0x0000001906300000] [id=21876]
  0x000001cb3556ac70 WorkerThread "GC Thread#4" [stack: 0x0000001906300000,0x0000001906400000] [id=2076]
  0x000001cb3556a400 WorkerThread "GC Thread#5" [stack: 0x0000001906400000,0x0000001906500000] [id=5884]
  0x000001cb3c653e60 WorkerThread "GC Thread#6" [stack: 0x0000001906500000,0x0000001906600000] [id=17752]
  0x000001cb3c655210 WorkerThread "GC Thread#7" [stack: 0x0000001906600000,0x0000001906700000] [id=300]
  0x000001cb3c6554e0 WorkerThread "GC Thread#8" [stack: 0x0000001906700000,0x0000001906800000] [id=9852]
  0x000001cb3c6549a0 WorkerThread "GC Thread#9" [stack: 0x0000001906800000,0x0000001906900000] [id=18048]
  0x000001cb1193ac90 ConcurrentGCThread "G1 Main Marker" terminated
  0x000001cb1193c710 WorkerThread "G1 Conc#0" [stack: 0x0000001904200000,0x0000001904300000] [id=7548]
  0x000001cb354298b0 ConcurrentGCThread "G1 Refine#0" terminated
  0x000001cb35429ea0 ConcurrentGCThread "G1 Service" terminated

Threads with active compile tasks:

VM state: at safepoint (shutting down)

VM Mutex/Monitor currently owned by a thread:  ([mutex/lock_event])
[0x000001cb118b01c0] Threads_lock - owner thread: 0x000001cb3556a6d0
[0x000001cb118aff80] Heap_lock - owner thread: 0x000001cb3a3592f0

Heap address: 0x0000000704c00000, size: 4020 MB, Compressed Oops mode: Zero based, Oop shift amount: 3

CDS archive(s) mapped at: [0x0000000800000000-0x0000000800c40000-0x0000000800c40000), size 12845056, SharedBaseAddress: 0x0000000800000000, ArchiveRelocationMode: 0.
Compressed class space mapped at: 0x0000000801000000-0x0000000841000000, reserved size: 1073741824
Narrow klass base: 0x0000000800000000, Narrow klass shift: 0, Narrow klass range: 0x100000000

GC Precious Log:
 CardTable entry size: 512
 Card Set container configuration: InlinePtr #cards 4 size 8 Array Of Cards #cards 16 size 48 Howl #buckets 8 coarsen threshold 3686 Howl Bitmap #cards 512 size 80 coarsen threshold 460 Card regions per heap region 1 cards per card region 4096
 CPUs: 20 total, 20 available
 Memory: 16074M
 Large Page Support: Disabled
 NUMA Support: Disabled
 Compressed Oops: Enabled (Zero based)
 Heap Region Size: 2M
 Heap Min Capacity: 8M
 Heap Initial Capacity: 252M
 Heap Max Capacity: 4020M
 Pre-touch: Disabled
 Parallel Workers: 15
 Concurrent Workers: 4
 Concurrent Refinement Workers: 15
 Periodic GC: Disabled

Heap:
 garbage-first heap   total 258048K, used 25616K [0x0000000704c00000, 0x0000000800000000)
  region size 2048K, 5 young (10240K), 2 survivors (4096K)
 Metaspace       used 11817K, committed 12032K, reserved 1114112K
  class space    used 1294K, committed 1408K, reserved 1048576K

Heap Regions: E=young(eden), S=young(survivor), O=old, HS=humongous(starts), HC=humongous(continues), CS=collection set, F=free, OA=open archive, CA=closed archive, TAMS=top-at-mark-start (previous, next)
|   0|0x0000000704c00000, 0x0000000704e00000, 0x0000000704e00000|100%|HS|  |TAMS 0x0000000704c00000, 0x0000000704c00000| Complete 
|   1|0x0000000704e00000, 0x0000000705000000, 0x0000000705000000|100%|HC|  |TAMS 0x0000000704e00000, 0x0000000704e00000| Complete 
|   2|0x0000000705000000, 0x0000000705200000, 0x0000000705200000|100%|HC|  |TAMS 0x0000000705000000, 0x0000000705000000| Complete 
|   3|0x0000000705200000, 0x0000000705400000, 0x0000000705400000|100%|HC|  |TAMS 0x0000000705200000, 0x0000000705200000| Complete 
|   4|0x0000000705400000, 0x0000000705600000, 0x0000000705600000|100%|HC|  |TAMS 0x0000000705400000, 0x0000000705400000| Complete 
|   5|0x0000000705600000, 0x0000000705800000, 0x0000000705800000|100%|HC|  |TAMS 0x0000000705600000, 0x0000000705600000| Complete 
|   6|0x0000000705800000, 0x0000000705a00000, 0x0000000705a00000|100%|HC|  |TAMS 0x0000000705800000, 0x0000000705800000| Complete 
|   7|0x0000000705a00000, 0x0000000705c00000, 0x0000000705c00000|100%|HC|  |TAMS 0x0000000705a00000, 0x0000000705a00000| Complete 
|   8|0x0000000705c00000, 0x0000000705e00000, 0x0000000705e00000|100%|HC|  |TAMS 0x0000000705c00000, 0x0000000705c00000| Complete 
|   9|0x0000000705e00000, 0x0000000705e00000, 0x0000000706000000|  0%| F|  |TAMS 0x0000000705e00000, 0x0000000705e00000| Untracked 
|  10|0x0000000706000000, 0x0000000706000000, 0x0000000706200000|  0%| F|  |TAMS 0x0000000706000000, 0x0000000706000000| Untracked 
|  11|0x0000000706200000, 0x0000000706200000, 0x0000000706400000|  0%| F|  |TAMS 0x0000000706200000, 0x0000000706200000| Untracked 
|  12|0x0000000706400000, 0x0000000706400000, 0x0000000706600000|  0%| F|  |TAMS 0x0000000706400000, 0x0000000706400000| Untracked 
|  13|0x0000000706600000, 0x0000000706600000, 0x0000000706800000|  0%| F|  |TAMS 0x0000000706600000, 0x0000000706600000| Untracked 
|  14|0x0000000706800000, 0x0000000706800000, 0x0000000706a00000|  0%| F|  |TAMS 0x0000000706800000, 0x0000000706800000| Untracked 
|  15|0x0000000706a00000, 0x0000000706a00000, 0x0000000706c00000|  0%| F|  |TAMS 0x0000000706a00000, 0x0000000706a00000| Untracked 
|  16|0x0000000706c00000, 0x0000000706c00000, 0x0000000706e00000|  0%| F|  |TAMS 0x0000000706c00000, 0x0000000706c00000| Untracked 
|  17|0x0000000706e00000, 0x0000000706e00000, 0x0000000707000000|  0%| F|  |TAMS 0x0000000706e00000, 0x0000000706e00000| Untracked 
|  18|0x0000000707000000, 0x0000000707000000, 0x0000000707200000|  0%| F|  |TAMS 0x0000000707000000, 0x0000000707000000| Untracked 
|  19|0x0000000707200000, 0x0000000707200000, 0x0000000707400000|  0%| F|  |TAMS 0x0000000707200000, 0x0000000707200000| Untracked 
|  20|0x0000000707400000, 0x0000000707400000, 0x0000000707600000|  0%| F|  |TAMS 0x0000000707400000, 0x0000000707400000| Untracked 
|  21|0x0000000707600000, 0x0000000707600000, 0x0000000707800000|  0%| F|  |TAMS 0x0000000707600000, 0x0000000707600000| Untracked 
|  22|0x0000000707800000, 0x0000000707800000, 0x0000000707a00000|  0%| F|  |TAMS 0x0000000707800000, 0x0000000707800000| Untracked 
|  23|0x0000000707a00000, 0x0000000707a00000, 0x0000000707c00000|  0%| F|  |TAMS 0x0000000707a00000, 0x0000000707a00000| Untracked 
|  24|0x0000000707c00000, 0x0000000707c00000, 0x0000000707e00000|  0%| F|  |TAMS 0x0000000707c00000, 0x0000000707c00000| Untracked 
|  25|0x0000000707e00000, 0x0000000707e00000, 0x0000000708000000|  0%| F|  |TAMS 0x0000000707e00000, 0x0000000707e00000| Untracked 
|  26|0x0000000708000000, 0x0000000708000000, 0x0000000708200000|  0%| F|  |TAMS 0x0000000708000000, 0x0000000708000000| Untracked 
|  27|0x0000000708200000, 0x0000000708200000, 0x0000000708400000|  0%| F|  |TAMS 0x0000000708200000, 0x0000000708200000| Untracked 
|  28|0x0000000708400000, 0x0000000708400000, 0x0000000708600000|  0%| F|  |TAMS 0x0000000708400000, 0x0000000708400000| Untracked 
|  29|0x0000000708600000, 0x0000000708600000, 0x0000000708800000|  0%| F|  |TAMS 0x0000000708600000, 0x0000000708600000| Untracked 
|  30|0x0000000708800000, 0x0000000708800000, 0x0000000708a00000|  0%| F|  |TAMS 0x0000000708800000, 0x0000000708800000| Untracked 
|  31|0x0000000708a00000, 0x0000000708a00000, 0x0000000708c00000|  0%| F|  |TAMS 0x0000000708a00000, 0x0000000708a00000| Untracked 
|  32|0x0000000708c00000, 0x0000000708c00000, 0x0000000708e00000|  0%| F|  |TAMS 0x0000000708c00000, 0x0000000708c00000| Untracked 
|  33|0x0000000708e00000, 0x0000000708e00000, 0x0000000709000000|  0%| F|  |TAMS 0x0000000708e00000, 0x0000000708e00000| Untracked 
|  34|0x0000000709000000, 0x0000000709000000, 0x0000000709200000|  0%| F|  |TAMS 0x0000000709000000, 0x0000000709000000| Untracked 
|  35|0x0000000709200000, 0x0000000709200000, 0x0000000709400000|  0%| F|  |TAMS 0x0000000709200000, 0x0000000709200000| Untracked 
|  36|0x0000000709400000, 0x0000000709400000, 0x0000000709600000|  0%| F|  |TAMS 0x0000000709400000, 0x0000000709400000| Untracked 
|  37|0x0000000709600000, 0x0000000709600000, 0x0000000709800000|  0%| F|  |TAMS 0x0000000709600000, 0x0000000709600000| Untracked 
|  38|0x0000000709800000, 0x0000000709800000, 0x0000000709a00000|  0%| F|  |TAMS 0x0000000709800000, 0x0000000709800000| Untracked 
|  39|0x0000000709a00000, 0x0000000709a00000, 0x0000000709c00000|  0%| F|  |TAMS 0x0000000709a00000, 0x0000000709a00000| Untracked 
|  40|0x0000000709c00000, 0x0000000709c00000, 0x0000000709e00000|  0%| F|  |TAMS 0x0000000709c00000, 0x0000000709c00000| Untracked 
|  41|0x0000000709e00000, 0x0000000709e00000, 0x000000070a000000|  0%| F|  |TAMS 0x0000000709e00000, 0x0000000709e00000| Untracked 
|  42|0x000000070a000000, 0x000000070a000000, 0x000000070a200000|  0%| F|  |TAMS 0x000000070a000000, 0x000000070a000000| Untracked 
|  43|0x000000070a200000, 0x000000070a200000, 0x000000070a400000|  0%| F|  |TAMS 0x000000070a200000, 0x000000070a200000| Untracked 
|  44|0x000000070a400000, 0x000000070a400000, 0x000000070a600000|  0%| F|  |TAMS 0x000000070a400000, 0x000000070a400000| Untracked 
|  45|0x000000070a600000, 0x000000070a600000, 0x000000070a800000|  0%| F|  |TAMS 0x000000070a600000, 0x000000070a600000| Untracked 
|  46|0x000000070a800000, 0x000000070a800000, 0x000000070aa00000|  0%| F|  |TAMS 0x000000070a800000, 0x000000070a800000| Untracked 
|  47|0x000000070aa00000, 0x000000070aa00000, 0x000000070ac00000|  0%| F|  |TAMS 0x000000070aa00000, 0x000000070aa00000| Untracked 
|  48|0x000000070ac00000, 0x000000070ac00000, 0x000000070ae00000|  0%| F|  |TAMS 0x000000070ac00000, 0x000000070ac00000| Untracked 
|  49|0x000000070ae00000, 0x000000070ae00000, 0x000000070b000000|  0%| F|  |TAMS 0x000000070ae00000, 0x000000070ae00000| Untracked 
|  50|0x000000070b000000, 0x000000070b000000, 0x000000070b200000|  0%| F|  |TAMS 0x000000070b000000, 0x000000070b000000| Untracked 
|  51|0x000000070b200000, 0x000000070b200000, 0x000000070b400000|  0%| F|  |TAMS 0x000000070b200000, 0x000000070b200000| Untracked 
|  52|0x000000070b400000, 0x000000070b400000, 0x000000070b600000|  0%| F|  |TAMS 0x000000070b400000, 0x000000070b400000| Untracked 
|  53|0x000000070b600000, 0x000000070b600000, 0x000000070b800000|  0%| F|  |TAMS 0x000000070b600000, 0x000000070b600000| Untracked 
|  54|0x000000070b800000, 0x000000070b800000, 0x000000070ba00000|  0%| F|  |TAMS 0x000000070b800000, 0x000000070b800000| Untracked 
|  55|0x000000070ba00000, 0x000000070ba00000, 0x000000070bc00000|  0%| F|  |TAMS 0x000000070ba00000, 0x000000070ba00000| Untracked 
|  56|0x000000070bc00000, 0x000000070bc00000, 0x000000070be00000|  0%| F|  |TAMS 0x000000070bc00000, 0x000000070bc00000| Untracked 
|  57|0x000000070be00000, 0x000000070be00000, 0x000000070c000000|  0%| F|  |TAMS 0x000000070be00000, 0x000000070be00000| Untracked 
|  58|0x000000070c000000, 0x000000070c000000, 0x000000070c200000|  0%| F|  |TAMS 0x000000070c000000, 0x000000070c000000| Untracked 
|  59|0x000000070c200000, 0x000000070c200000, 0x000000070c400000|  0%| F|  |TAMS 0x000000070c200000, 0x000000070c200000| Untracked 
|  60|0x000000070c400000, 0x000000070c400000, 0x000000070c600000|  0%| F|  |TAMS 0x000000070c400000, 0x000000070c400000| Untracked 
|  61|0x000000070c600000, 0x000000070c600000, 0x000000070c800000|  0%| F|  |TAMS 0x000000070c600000, 0x000000070c600000| Untracked 
|  62|0x000000070c800000, 0x000000070c800000, 0x000000070ca00000|  0%| F|  |TAMS 0x000000070c800000, 0x000000070c800000| Untracked 
|  63|0x000000070ca00000, 0x000000070ca00000, 0x000000070cc00000|  0%| F|  |TAMS 0x000000070ca00000, 0x000000070ca00000| Untracked 
|  64|0x000000070cc00000, 0x000000070cc00000, 0x000000070ce00000|  0%| F|  |TAMS 0x000000070cc00000, 0x000000070cc00000| Untracked 
|  65|0x000000070ce00000, 0x000000070ce00000, 0x000000070d000000|  0%| F|  |TAMS 0x000000070ce00000, 0x000000070ce00000| Untracked 
|  66|0x000000070d000000, 0x000000070d000000, 0x000000070d200000|  0%| F|  |TAMS 0x000000070d000000, 0x000000070d000000| Untracked 
|  67|0x000000070d200000, 0x000000070d200000, 0x000000070d400000|  0%| F|  |TAMS 0x000000070d200000, 0x000000070d200000| Untracked 
|  68|0x000000070d400000, 0x000000070d400000, 0x000000070d600000|  0%| F|  |TAMS 0x000000070d400000, 0x000000070d400000| Untracked 
|  69|0x000000070d600000, 0x000000070d600000, 0x000000070d800000|  0%| F|  |TAMS 0x000000070d600000, 0x000000070d600000| Untracked 
|  70|0x000000070d800000, 0x000000070d800000, 0x000000070da00000|  0%| F|  |TAMS 0x000000070d800000, 0x000000070d800000| Untracked 
|  71|0x000000070da00000, 0x000000070da00000, 0x000000070dc00000|  0%| F|  |TAMS 0x000000070da00000, 0x000000070da00000| Untracked 
|  72|0x000000070dc00000, 0x000000070dc00000, 0x000000070de00000|  0%| F|  |TAMS 0x000000070dc00000, 0x000000070dc00000| Untracked 
|  73|0x000000070de00000, 0x000000070de00000, 0x000000070e000000|  0%| F|  |TAMS 0x000000070de00000, 0x000000070de00000| Untracked 
|  74|0x000000070e000000, 0x000000070e000000, 0x000000070e200000|  0%| F|  |TAMS 0x000000070e000000, 0x000000070e000000| Untracked 
|  75|0x000000070e200000, 0x000000070e200000, 0x000000070e400000|  0%| F|  |TAMS 0x000000070e200000, 0x000000070e200000| Untracked 
|  76|0x000000070e400000, 0x000000070e400000, 0x000000070e600000|  0%| F|  |TAMS 0x000000070e400000, 0x000000070e400000| Untracked 
|  77|0x000000070e600000, 0x000000070e600000, 0x000000070e800000|  0%| F|  |TAMS 0x000000070e600000, 0x000000070e600000| Untracked 
|  78|0x000000070e800000, 0x000000070e800000, 0x000000070ea00000|  0%| F|  |TAMS 0x000000070e800000, 0x000000070e800000| Untracked 
|  79|0x000000070ea00000, 0x000000070ea00000, 0x000000070ec00000|  0%| F|  |TAMS 0x000000070ea00000, 0x000000070ea00000| Untracked 
|  80|0x000000070ec00000, 0x000000070ec00000, 0x000000070ee00000|  0%| F|  |TAMS 0x000000070ec00000, 0x000000070ec00000| Untracked 
|  81|0x000000070ee00000, 0x000000070ee00000, 0x000000070f000000|  0%| F|  |TAMS 0x000000070ee00000, 0x000000070ee00000| Untracked 
|  82|0x000000070f000000, 0x000000070f000000, 0x000000070f200000|  0%| F|  |TAMS 0x000000070f000000, 0x000000070f000000| Untracked 
|  83|0x000000070f200000, 0x000000070f200000, 0x000000070f400000|  0%| F|  |TAMS 0x000000070f200000, 0x000000070f200000| Untracked 
|  84|0x000000070f400000, 0x000000070f400000, 0x000000070f600000|  0%| F|  |TAMS 0x000000070f400000, 0x000000070f400000| Untracked 
|  85|0x000000070f600000, 0x000000070f600000, 0x000000070f800000|  0%| F|  |TAMS 0x000000070f600000, 0x000000070f600000| Untracked 
|  86|0x000000070f800000, 0x000000070f800000, 0x000000070fa00000|  0%| F|  |TAMS 0x000000070f800000, 0x000000070f800000| Untracked 
|  87|0x000000070fa00000, 0x000000070fa00000, 0x000000070fc00000|  0%| F|  |TAMS 0x000000070fa00000, 0x000000070fa00000| Untracked 
|  88|0x000000070fc00000, 0x000000070fc00000, 0x000000070fe00000|  0%| F|  |TAMS 0x000000070fc00000, 0x000000070fc00000| Untracked 
|  89|0x000000070fe00000, 0x000000070fe00000, 0x0000000710000000|  0%| F|  |TAMS 0x000000070fe00000, 0x000000070fe00000| Untracked 
|  90|0x0000000710000000, 0x0000000710000000, 0x0000000710200000|  0%| F|  |TAMS 0x0000000710000000, 0x0000000710000000| Untracked 
|  91|0x0000000710200000, 0x0000000710200000, 0x0000000710400000|  0%| F|  |TAMS 0x0000000710200000, 0x0000000710200000| Untracked 
|  92|0x0000000710400000, 0x0000000710400000, 0x0000000710600000|  0%| F|  |TAMS 0x0000000710400000, 0x0000000710400000| Untracked 
|  93|0x0000000710600000, 0x0000000710600000, 0x0000000710800000|  0%| F|  |TAMS 0x0000000710600000, 0x0000000710600000| Untracked 
|  94|0x0000000710800000, 0x0000000710800000, 0x0000000710a00000|  0%| F|  |TAMS 0x0000000710800000, 0x0000000710800000| Untracked 
|  95|0x0000000710a00000, 0x0000000710a00000, 0x0000000710c00000|  0%| F|  |TAMS 0x0000000710a00000, 0x0000000710a00000| Untracked 
|  96|0x0000000710c00000, 0x0000000710c00000, 0x0000000710e00000|  0%| F|  |TAMS 0x0000000710c00000, 0x0000000710c00000| Untracked 
|  97|0x0000000710e00000, 0x0000000710e00000, 0x0000000711000000|  0%| F|  |TAMS 0x0000000710e00000, 0x0000000710e00000| Untracked 
|  98|0x0000000711000000, 0x0000000711000000, 0x0000000711200000|  0%| F|  |TAMS 0x0000000711000000, 0x0000000711000000| Untracked 
|  99|0x0000000711200000, 0x0000000711200000, 0x0000000711400000|  0%| F|  |TAMS 0x0000000711200000, 0x0000000711200000| Untracked 
| 100|0x0000000711400000, 0x0000000711400000, 0x0000000711600000|  0%| F|  |TAMS 0x0000000711400000, 0x0000000711400000| Untracked 
| 101|0x0000000711600000, 0x0000000711600000, 0x0000000711800000|  0%| F|  |TAMS 0x0000000711600000, 0x0000000711600000| Untracked 
| 102|0x0000000711800000, 0x0000000711800000, 0x0000000711a00000|  0%| F|  |TAMS 0x0000000711800000, 0x0000000711800000| Untracked 
| 103|0x0000000711a00000, 0x0000000711a00000, 0x0000000711c00000|  0%| F|  |TAMS 0x0000000711a00000, 0x0000000711a00000| Untracked 
| 104|0x0000000711c00000, 0x0000000711c00000, 0x0000000711e00000|  0%| F|  |TAMS 0x0000000711c00000, 0x0000000711c00000| Untracked 
| 105|0x0000000711e00000, 0x0000000711e00000, 0x0000000712000000|  0%| F|  |TAMS 0x0000000711e00000, 0x0000000711e00000| Untracked 
| 106|0x0000000712000000, 0x0000000712000000, 0x0000000712200000|  0%| F|  |TAMS 0x0000000712000000, 0x0000000712000000| Untracked 
| 107|0x0000000712200000, 0x0000000712200000, 0x0000000712400000|  0%| F|  |TAMS 0x0000000712200000, 0x0000000712200000| Untracked 
| 108|0x0000000712400000, 0x0000000712400000, 0x0000000712600000|  0%| F|  |TAMS 0x0000000712400000, 0x0000000712400000| Untracked 
| 109|0x0000000712600000, 0x0000000712600000, 0x0000000712800000|  0%| F|  |TAMS 0x0000000712600000, 0x0000000712600000| Untracked 
| 110|0x0000000712800000, 0x0000000712800000, 0x0000000712a00000|  0%| F|  |TAMS 0x0000000712800000, 0x0000000712800000| Untracked 
| 111|0x0000000712a00000, 0x0000000712a00000, 0x0000000712c00000|  0%| F|  |TAMS 0x0000000712a00000, 0x0000000712a00000| Untracked 
| 112|0x0000000712c00000, 0x0000000712c00000, 0x0000000712e00000|  0%| F|  |TAMS 0x0000000712c00000, 0x0000000712c00000| Untracked 
| 113|0x0000000712e00000, 0x0000000712f04000, 0x0000000713000000| 50%| S|CS|TAMS 0x0000000712e00000, 0x0000000712e00000| Complete 
| 114|0x0000000713000000, 0x0000000713200000, 0x0000000713200000|100%| S|CS|TAMS 0x0000000713000000, 0x0000000713000000| Complete 
| 115|0x0000000713200000, 0x0000000713200000, 0x0000000713400000|  0%| F|  |TAMS 0x0000000713200000, 0x0000000713200000| Untracked 
| 116|0x0000000713400000, 0x0000000713400000, 0x0000000713600000|  0%| F|  |TAMS 0x0000000713400000, 0x0000000713400000| Untracked 
| 117|0x0000000713600000, 0x0000000713600000, 0x0000000713800000|  0%| F|  |TAMS 0x0000000713600000, 0x0000000713600000| Untracked 
| 118|0x0000000713800000, 0x0000000713800000, 0x0000000713a00000|  0%| F|  |TAMS 0x0000000713800000, 0x0000000713800000| Untracked 
| 119|0x0000000713a00000, 0x0000000713a00000, 0x0000000713c00000|  0%| F|  |TAMS 0x0000000713a00000, 0x0000000713a00000| Untracked 
| 120|0x0000000713c00000, 0x0000000713c00000, 0x0000000713e00000|  0%| F|  |TAMS 0x0000000713c00000, 0x0000000713c00000| Untracked 
| 121|0x0000000713e00000, 0x0000000713e00000, 0x0000000714000000|  0%| F|  |TAMS 0x0000000713e00000, 0x0000000713e00000| Untracked 
| 122|0x0000000714000000, 0x0000000714000000, 0x0000000714200000|  0%| F|  |TAMS 0x0000000714000000, 0x0000000714000000| Untracked 
| 123|0x0000000714200000, 0x000000071437e8c0, 0x0000000714400000| 74%| E|  |TAMS 0x0000000714200000, 0x0000000714200000| Complete 
| 124|0x0000000714400000, 0x0000000714600000, 0x0000000714600000|100%| E|CS|TAMS 0x0000000714400000, 0x0000000714400000| Complete 
| 125|0x0000000714600000, 0x0000000714800000, 0x0000000714800000|100%| E|CS|TAMS 0x0000000714600000, 0x0000000714600000| Complete 

Card table byte_map: [0x000001cb29a90000,0x000001cb2a270000] _byte_map_base: 0x000001cb2626a000

Marking Bits (Prev, Next): (CMBitMap*) 0x000001cb11929eb0, (CMBitMap*) 0x000001cb11929ef0
 Prev Bits: [0x000001cb2aa50000, 0x000001cb2e920000)
 Next Bits: [0x000001cb2e920000, 0x000001cb327f0000)

Polling page: 0x000001cb0ece0000

Metaspace:

Usage:
  Non-class:     10.28 MB used.
      Class:      1.26 MB used.
       Both:     11.54 MB used.

Virtual space:
  Non-class space:       64.00 MB reserved,      10.38 MB ( 16%) committed,  1 nodes.
      Class space:        1.00 GB reserved,       1.38 MB ( <1%) committed,  1 nodes.
             Both:        1.06 GB reserved,      11.75 MB (  1%) committed. 

Chunk freelists:
   Non-Class:  960.00 KB
       Class:  2.64 MB
        Both:  3.58 MB

MaxMetaspaceSize: unlimited
CompressedClassSpaceSize: 1.00 GB
Initial GC threshold: 21.00 MB
Current GC threshold: 21.00 MB
CDS: on
MetaspaceReclaimPolicy: balanced
 - commit_granule_bytes: 65536.
 - commit_granule_words: 8192.
 - virtual_space_node_default_size: 8388608.
 - enlarge_chunks_in_place: 1.
 - new_chunks_are_fully_committed: 0.
 - uncommit_free_chunks: 1.
 - use_allocation_guard: 0.


Internal statistics:

num_allocs_failed_limit: 0.
num_arena_births: 212.
num_arena_deaths: 0.
num_vsnodes_births: 2.
num_vsnodes_deaths: 0.
num_space_committed: 188.
num_space_uncommitted: 0.
num_chunks_returned_to_freelist: 0.
num_chunks_taken_from_freelist: 289.
num_chunk_merges: 0.
num_chunk_splits: 197.
num_chunks_enlarged: 130.
num_inconsistent_stats: 0.

CodeHeap 'non-profiled nmethods': size=119168Kb used=798Kb max_used=798Kb free=118369Kb
 bounds [0x000001cb213a0000, 0x000001cb21610000, 0x000001cb28800000]
CodeHeap 'profiled nmethods': size=119104Kb used=2540Kb max_used=2540Kb free=116563Kb
 bounds [0x000001cb19800000, 0x000001cb19a80000, 0x000001cb20c50000]
CodeHeap 'non-nmethods': size=7488Kb used=2553Kb max_used=3167Kb free=4934Kb
 bounds [0x000001cb20c50000, 0x000001cb20f70000, 0x000001cb213a0000]
 total_blobs=2249 nmethods=1554 adapters=604
 compilation: enabled
              stopped_count=0, restarted_count=0
 full_count=0

Compilation events (20 events):
Event: 2.213 Thread 0x000001cb39d63480 1546       3       java.util.Arrays$ArrayItr::<init> (10 bytes)
Event: 2.213 Thread 0x000001cb39d62570 nmethod 1544 0x000001cb19a76d90 code [0x000001cb19a76f40, 0x000001cb19a771b8]
Event: 2.213 Thread 0x000001cb39d63480 nmethod 1546 0x000001cb19a77290 code [0x000001cb19a77440, 0x000001cb19a775f8]
Event: 2.213 Thread 0x000001cb39d62af0 nmethod 1545 0x000001cb19a77690 code [0x000001cb19a77840, 0x000001cb19a77ad8]
Event: 2.215 Thread 0x000001cb39d63480 1547       3       java.lang.invoke.DirectMethodHandle::shouldBeInitialized (117 bytes)
Event: 2.216 Thread 0x000001cb39d63480 nmethod 1547 0x000001cb19a77c10 code [0x000001cb19a77e60, 0x000001cb19a78678]
Event: 2.216 Thread 0x000001cb39d63480 1548       3       java.util.concurrent.ConcurrentHashMap::sumCount (60 bytes)
Event: 2.216 Thread 0x000001cb39d63480 nmethod 1548 0x000001cb19a78890 code [0x000001cb19a78a40, 0x000001cb19a78cb8]
Event: 2.317 Thread 0x000001cb39d63480 1549   !   3       java.awt.Container::getComponent (29 bytes)
Event: 2.318 Thread 0x000001cb39d63480 nmethod 1549 0x000001cb19a78e10 code [0x000001cb19a78fe0, 0x000001cb19a793c8]
Event: 2.320 Thread 0x000001cb39c4bf50 1550       4       java.util.ArrayList::get (15 bytes)
Event: 2.322 Thread 0x000001cb39c4bf50 nmethod 1550 0x000001cb21467390 code [0x000001cb21467520, 0x000001cb21467618]
Event: 2.331 Thread 0x000001cb39c6d9d0 1551       3       java.awt.geom.Point2D::<init> (5 bytes)
Event: 2.331 Thread 0x000001cb39c6d9d0 nmethod 1551 0x000001cb19a79590 code [0x000001cb19a79740, 0x000001cb19a79898]
Event: 2.337 Thread 0x000001cb39d62570 1552       3       java.security.AccessController::checkContext (49 bytes)
Event: 2.338 Thread 0x000001cb39d62570 nmethod 1552 0x000001cb19a79990 code [0x000001cb19a79b40, 0x000001cb19a79d18]
Event: 2.691 Thread 0x000001cb39c6d9d0 1553       3       java.security.AccessController::doPrivileged (17 bytes)
Event: 2.691 Thread 0x000001cb39c6d9d0 nmethod 1553 0x000001cb19a79e10 code [0x000001cb19a7a000, 0x000001cb19a7a3b8]
Event: 2.912 Thread 0x000001cb39d62af0 1555   !   3       sun.awt.AWTAutoShutdown::setToolkitBusy (124 bytes)
Event: 2.913 Thread 0x000001cb39d62af0 nmethod 1555 0x000001cb19a7a590 code [0x000001cb19a7a7a0, 0x000001cb19a7ad88]

GC Heap History (2 events):
Event: 1.285 GC heap before
{Heap before GC invocations=0 (full 0):
 garbage-first heap   total 258048K, used 22528K [0x0000000704c00000, 0x0000000800000000)
  region size 2048K, 11 young (22528K), 0 survivors (0K)
 Metaspace       used 9546K, committed 9792K, reserved 1114112K
  class space    used 991K, committed 1088K, reserved 1048576K
}
Event: 1.295 GC heap after
{Heap after GC invocations=1 (full 0):
 garbage-first heap   total 258048K, used 3088K [0x0000000704c00000, 0x0000000800000000)
  region size 2048K, 2 young (4096K), 2 survivors (4096K)
 Metaspace       used 9546K, committed 9792K, reserved 1114112K
  class space    used 991K, committed 1088K, reserved 1048576K
}

Dll operation events (20 events):
Event: 1.055 Loaded shared library C:\Users\timon\.jdks\openjdk-19.0.2\bin\api-ms-win-core-rtlsupport-l1-1-0.dll
Event: 1.084 Loaded shared library C:\Users\timon\.jdks\openjdk-19.0.2\bin\api-ms-win-core-processthreads-l1-1-1.dll
Event: 1.113 Loaded shared library C:\Users\timon\.jdks\openjdk-19.0.2\bin\api-ms-win-core-file-l1-2-0.dll
Event: 1.132 Loaded shared library C:\Users\timon\.jdks\openjdk-19.0.2\bin\api-ms-win-core-profile-l1-1-0.dll
Event: 1.148 Loaded shared library C:\Users\timon\.jdks\openjdk-19.0.2\bin\api-ms-win-core-memory-l1-1-0.dll
Event: 1.164 Loaded shared library C:\Users\timon\.jdks\openjdk-19.0.2\bin\api-ms-win-core-util-l1-1-0.dll
Event: 1.181 Loaded shared library C:\Users\timon\.jdks\openjdk-19.0.2\bin\api-ms-win-core-interlocked-l1-1-0.dll
Event: 1.199 Loaded shared library C:\Users\timon\.jdks\openjdk-19.0.2\bin\ucrtbase.dll
Event: 1.214 Loaded shared library C:\Users\timon\.jdks\openjdk-19.0.2\bin\vcruntime140.dll
Event: 1.235 Loaded shared library C:\Users\timon\.jdks\openjdk-19.0.2\bin\vcruntime140_1.dll
Event: 1.256 Loaded shared library C:\Users\timon\.jdks\openjdk-19.0.2\bin\msvcp140.dll
Event: 1.278 Loaded shared library C:\Windows\System32\msvcp140_1.dll
Event: 1.313 Loaded shared library C:\Windows\System32\concrt140.dll
Event: 1.338 Loaded shared library C:\Windows\System32\vcomp140.dll
Event: 1.369 Loaded shared library C:\Windows\System32\winmm.dll
Event: 1.373 Loaded shared library C:\Windows\System32\opengl32.dll
Event: 1.375 Loaded shared library C:\Windows\System32\user32.dll
Event: 1.378 Loaded shared library C:\Windows\System32\shell32.dll
Event: 1.381 Loaded shared library C:\Windows\System32\gdi32.dll
Event: 1.398 Loaded shared library C:\Users\timon\.javacpp\cache\jaylib-4.2.0-1.jar\com\raylib\windows-x86_64\jniRaylib.dll

Deoptimization events (20 events):
Event: 1.474 Thread 0x000001cb118b5260 Uncommon trap: trap_request=0xffffffc6 fr.pc=0x000001cb213d9a04 relative=0x00000000000002c4
Event: 1.474 Thread 0x000001cb118b5260 Uncommon trap: reason=bimorphic_or_optimized_type_check action=maybe_recompile pc=0x000001cb213d9a04 method=java.util.HashMap.getNode(Ljava/lang/Object;)Ljava/util/HashMap$Node; @ 128 c2
Event: 1.474 Thread 0x000001cb118b5260 DEOPT PACKING pc=0x000001cb213d9a04 sp=0x0000001903ffe1e0
Event: 1.474 Thread 0x000001cb118b5260 DEOPT UNPACKING pc=0x000001cb20cb6da3 sp=0x0000001903ffe158 mode 2
Event: 1.483 Thread 0x000001cb118b5260 Uncommon trap: trap_request=0xffffffc6 fr.pc=0x000001cb213d9a04 relative=0x00000000000002c4
Event: 1.483 Thread 0x000001cb118b5260 Uncommon trap: reason=bimorphic_or_optimized_type_check action=maybe_recompile pc=0x000001cb213d9a04 method=java.util.HashMap.getNode(Ljava/lang/Object;)Ljava/util/HashMap$Node; @ 128 c2
Event: 1.483 Thread 0x000001cb118b5260 DEOPT PACKING pc=0x000001cb213d9a04 sp=0x0000001903ffdfb0
Event: 1.483 Thread 0x000001cb118b5260 DEOPT UNPACKING pc=0x000001cb20cb6da3 sp=0x0000001903ffdf28 mode 2
Event: 1.483 Thread 0x000001cb118b5260 Uncommon trap: trap_request=0xffffffc6 fr.pc=0x000001cb213d9a04 relative=0x00000000000002c4
Event: 1.483 Thread 0x000001cb118b5260 Uncommon trap: reason=bimorphic_or_optimized_type_check action=maybe_recompile pc=0x000001cb213d9a04 method=java.util.HashMap.getNode(Ljava/lang/Object;)Ljava/util/HashMap$Node; @ 128 c2
Event: 1.484 Thread 0x000001cb118b5260 DEOPT PACKING pc=0x000001cb213d9a04 sp=0x0000001903ffe1d0
Event: 1.484 Thread 0x000001cb118b5260 DEOPT UNPACKING pc=0x000001cb20cb6da3 sp=0x0000001903ffe148 mode 2
Event: 1.491 Thread 0x000001cb39ffe520 Uncommon trap: trap_request=0xffffff45 fr.pc=0x000001cb21402154 relative=0x00000000000000b4
Event: 1.491 Thread 0x000001cb39ffe520 Uncommon trap: reason=unstable_if action=reinterpret pc=0x000001cb21402154 method=java.lang.CharacterDataLatin1.toUpperCase(I)I @ 21 c2
Event: 1.491 Thread 0x000001cb39ffe520 DEOPT PACKING pc=0x000001cb21402154 sp=0x00000019058fd7d0
Event: 1.492 Thread 0x000001cb39ffe520 DEOPT UNPACKING pc=0x000001cb20cb6da3 sp=0x00000019058fd740 mode 2
Event: 1.770 Thread 0x000001cb118b5260 Uncommon trap: trap_request=0xffffff45 fr.pc=0x000001cb213e84e0 relative=0x0000000000000440
Event: 1.770 Thread 0x000001cb118b5260 Uncommon trap: reason=unstable_if action=reinterpret pc=0x000001cb213e84e0 method=java.lang.StringLatin1.indexOf([BI[BII)I @ 91 c2
Event: 1.770 Thread 0x000001cb118b5260 DEOPT PACKING pc=0x000001cb213e84e0 sp=0x0000001903ffeea0
Event: 1.770 Thread 0x000001cb118b5260 DEOPT UNPACKING pc=0x000001cb20cb6da3 sp=0x0000001903ffee28 mode 2

Classes loaded (20 events):
Event: 1.966 Loading class java/awt/Toolkit$ToolkitEventMulticaster
Event: 1.966 Loading class java/awt/Toolkit$ToolkitEventMulticaster done
Event: 1.966 Loading class java/awt/event/MouseWheelEvent
Event: 1.966 Loading class java/awt/event/MouseWheelEvent done
Event: 1.988 Loading class javax/swing/TimerQueue
Event: 1.989 Loading class javax/swing/TimerQueue done
Event: 1.989 Loading class java/util/concurrent/DelayQueue
Event: 1.989 Loading class java/util/concurrent/BlockingQueue
Event: 1.989 Loading class java/util/concurrent/BlockingQueue done
Event: 1.989 Loading class java/util/concurrent/DelayQueue done
Event: 1.989 Loading class java/util/PriorityQueue
Event: 1.990 Loading class java/util/PriorityQueue done
Event: 1.991 Loading class javax/swing/TimerQueue$DelayedTimer
Event: 1.991 Loading class java/util/concurrent/Delayed
Event: 1.991 Loading class java/util/concurrent/Delayed done
Event: 1.991 Loading class javax/swing/TimerQueue$DelayedTimer done
Event: 2.165 Loading class java/awt/LightweightDispatcher$2
Event: 2.165 Loading class java/awt/LightweightDispatcher$2 done
Event: 2.832 Loading class javax/swing/Timer$1
Event: 2.832 Loading class javax/swing/Timer$1 done

Classes unloaded (0 events):
No events

Classes redefined (0 events):
No events

Internal exceptions (20 events):
Event: 0.162 Thread 0x000001cb118b5260 Exception <a 'java/lang/ClassNotFoundException'{0x0000000714218c60}: sun/awt/resources/spi/awtProvider> (0x0000000714218c60) 
thrown [s\open\src\hotspot\share\classfile\systemDictionary.cpp, line 255]
Event: 0.166 Thread 0x000001cb39ea4eb0 Exception <a 'java/lang/NoSuchMethodError'{0x0000000714278720}: 'void java.lang.invoke.DirectMethodHandle$Holder.invokeStatic(java.lang.Object, java.lang.Object)'> (0x0000000714278720) 
thrown [s\open\src\hotspot\share\interpreter\linkResolver.cpp, line 774]
Event: 0.203 Thread 0x000001cb118b5260 Exception <a 'java/io/FileNotFoundException'{0x0000000714270270}> (0x0000000714270270) 
thrown [s\open\src\hotspot\share\prims\jni.cpp, line 517]
Event: 0.212 Thread 0x000001cb118b5260 Exception <a 'java/io/FileNotFoundException'{0x000000071430d298}> (0x000000071430d298) 
thrown [s\open\src\hotspot\share\prims\jni.cpp, line 517]
Event: 0.281 Thread 0x000001cb118b5260 Exception <a 'java/lang/NoSuchMethodError'{0x0000000714364db8}: 'java.lang.Object java.lang.invoke.DirectMethodHandle$Holder.invokeStaticInit(java.lang.Object)'> (0x0000000714364db8) 
thrown [s\open\src\hotspot\share\interpreter\linkResolver.cpp, line 774]
Event: 0.324 Thread 0x000001cb118b5260 Exception <a 'java/lang/NoSuchMethodError'{0x00000007143b9210}: 'void java.lang.invoke.DirectMethodHandle$Holder.invokeSpecial(java.lang.Object, java.lang.Object, java.lang.Object)'> (0x00000007143b9210) 
thrown [s\open\src\hotspot\share\interpreter\linkResolver.cpp, line 774]
Event: 0.337 Thread 0x000001cb118b5260 Exception <a 'java/lang/NoSuchMethodError'{0x00000007140920e0}: 'java.lang.Object java.lang.invoke.DirectMethodHandle$Holder.newInvokeSpecial(java.lang.Object, java.lang.Object, java.lang.Object, java.lang.Object, java.lang.Object)'> (0x00000007140920e0) 
thrown [s\open\src\hotspot\share\interpreter\linkResolver.cpp, line 774]
Event: 0.348 Thread 0x000001cb118b5260 Exception <a 'java/lang/NoSuchMethodError'{0x00000007140c3528}: 'java.lang.Object java.lang.invoke.DirectMethodHandle$Holder.invokeStatic(java.lang.Object, int, java.lang.Object)'> (0x00000007140c3528) 
thrown [s\open\src\hotspot\share\interpreter\linkResolver.cpp, line 774]
Event: 0.391 Thread 0x000001cb118b5260 Exception <a 'java/lang/ClassNotFoundException'{0x000000071417ef10}: com/sun/swing/internal/plaf/metal/resources/spi/metalProvider> (0x000000071417ef10) 
thrown [s\open\src\hotspot\share\classfile\systemDictionary.cpp, line 255]
Event: 0.393 Thread 0x000001cb118b5260 Exception <a 'java/lang/ClassNotFoundException'{0x0000000714183b10}: com/sun/swing/internal/plaf/basic/resources/spi/basicProvider> (0x0000000714183b10) 
thrown [s\open\src\hotspot\share\classfile\systemDictionary.cpp, line 255]
Event: 0.407 Thread 0x000001cb118b5260 Exception <a 'java/lang/NoSuchMethodError'{0x00000007141a33d0}: 'int java.lang.invoke.Invokers$Holder.invokeExact_MT(java.lang.Object, java.lang.Object)'> (0x00000007141a33d0) 
thrown [s\open\src\hotspot\share\interpreter\linkResolver.cpp, line 774]
Event: 0.516 Thread 0x000001cb3a3d2fc0 Exception <a 'java/lang/NoSuchMethodError'{0x0000000713eef110}: 'java.lang.Object java.lang.invoke.DirectMethodHandle$Holder.newInvokeSpecial(java.lang.Object, java.lang.Object, java.lang.Object, int, int, int, int, int)'> (0x0000000713eef110) 
thrown [s\open\src\hotspot\share\interpreter\linkResolver.cpp, line 774]
Event: 0.627 Thread 0x000001cb118b5260 Exception <a 'java/lang/NoSuchMethodError'{0x0000000713fe09f0}: 'int java.lang.invoke.DirectMethodHandle$Holder.invokeStaticInit(java.lang.Object, java.lang.Object, java.lang.Object, java.lang.Object)'> (0x0000000713fe09f0) 
thrown [s\open\src\hotspot\share\interpreter\linkResolver.cpp, line 774]
Event: 0.629 Thread 0x000001cb118b5260 Exception <a 'java/lang/NoSuchMethodError'{0x0000000713fe9fe8}: 'java.lang.Object java.lang.invoke.DirectMethodHandle$Holder.invokeInterface(java.lang.Object, java.lang.Object)'> (0x0000000713fe9fe8) 
thrown [s\open\src\hotspot\share\interpreter\linkResolver.cpp, line 774]
Event: 0.630 Thread 0x000001cb118b5260 Exception <a 'java/lang/IncompatibleClassChangeError'{0x0000000713fed538}: Found class java.lang.Object, but interface was expected> (0x0000000713fed538) 
thrown [s\open\src\hotspot\share\interpreter\linkResolver.cpp, line 841]
Event: 0.630 Thread 0x000001cb118b5260 Exception <a 'java/lang/NoSuchMethodError'{0x0000000713ff0508}: 'void java.lang.invoke.DirectMethodHandle$Holder.invokeStaticInit(java.lang.Object, java.lang.Object)'> (0x0000000713ff0508) 
thrown [s\open\src\hotspot\share\interpreter\linkResolver.cpp, line 774]
Event: 0.631 Thread 0x000001cb118b5260 Exception <a 'java/lang/NoSuchMethodError'{0x0000000713ff61d0}: 'int java.lang.invoke.DirectMethodHandle$Holder.invokeStaticInit(java.lang.Object, java.lang.Object)'> (0x0000000713ff61d0) 
thrown [s\open\src\hotspot\share\interpreter\linkResolver.cpp, line 774]
Event: 1.298 Thread 0x000001cb3558ba50 Exception <a 'java/lang/NoSuchMethodError'{0x000000071460dba0}: 'java.lang.Object java.lang.invoke.Invokers$Holder.invokeExact_MT(java.lang.Object, java.lang.Object, java.lang.Object, java.lang.Object, java.lang.Object, java.lang.Object)'> (0x000000071460dba0) 
thrown [s\open\src\hotspot\share\interpreter\linkResolver.cpp, line 774]
Event: 1.496 Thread 0x000001cb39ffe520 Exception <a 'java/lang/NoSuchMethodError'{0x00000007145ed800}: 'void java.lang.invoke.DirectMethodHandle$Holder.invokeVirtual(java.lang.Object, java.lang.Object)'> (0x00000007145ed800) 
thrown [s\open\src\hotspot\share\interpreter\linkResolver.cpp, line 774]
Event: 1.519 Thread 0x000001cb118b5260 Exception <a 'java/lang/NoSuchMethodError'{0x000000071459afa0}: 'void java.lang.invoke.DirectMethodHandle$Holder.invokeStaticInit(java.lang.Object)'> (0x000000071459afa0) 
thrown [s\open\src\hotspot\share\interpreter\linkResolver.cpp, line 774]

VM Operations (20 events):
Event: 0.243 Executing VM operation: HandshakeAllThreads done
Event: 0.422 Executing VM operation: HandshakeAllThreads
Event: 0.422 Executing VM operation: HandshakeAllThreads done
Event: 0.689 Executing VM operation: HandshakeAllThreads
Event: 0.689 Executing VM operation: HandshakeAllThreads done
Event: 1.224 Executing VM operation: HandshakeAllThreads
Event: 1.224 Executing VM operation: HandshakeAllThreads done
Event: 1.224 Executing VM operation: Cleanup
Event: 1.225 Executing VM operation: Cleanup done
Event: 1.244 Executing VM operation: HandshakeAllThreads
Event: 1.244 Executing VM operation: HandshakeAllThreads done
Event: 1.284 Executing VM operation: G1CollectForAllocation
Event: 1.295 Executing VM operation: G1CollectForAllocation done
Event: 1.765 Executing VM operation: HandshakeAllThreads
Event: 1.766 Executing VM operation: HandshakeAllThreads done
Event: 1.798 Executing VM operation: HandshakeAllThreads
Event: 1.798 Executing VM operation: HandshakeAllThreads done
Event: 2.813 Executing VM operation: Cleanup
Event: 2.813 Executing VM operation: Cleanup done
Event: 3.014 Executing VM operation: Exit

Events (20 events):
Event: 0.445 Thread 0x000001cb3a3592f0 Thread added: 0x000001cb3a3592f0
Event: 0.510 Thread 0x000001cb3a3d2fc0 Thread added: 0x000001cb3a3d2fc0
Event: 0.697 Thread 0x000001cb3a391500 Thread added: 0x000001cb3a391500
Event: 1.046 Thread 0x000001cb3ade59b0 Thread added: 0x000001cb3ade59b0
Event: 1.132 Thread 0x000001cb3a967180 Thread added: 0x000001cb3a967180
Event: 1.262 Thread 0x000001cb3b81af90 Thread added: 0x000001cb3b81af90
Event: 1.262 Thread 0x000001cb3b81b510 Thread added: 0x000001cb3b81b510
Event: 1.418 Thread 0x000001cb3cae2fe0 Thread added: 0x000001cb3cae2fe0
Event: 1.619 Thread 0x000001cb3b81b510 Thread exited: 0x000001cb3b81b510
Event: 1.754 Thread 0x000001cb3b81af90 Thread exited: 0x000001cb3b81af90
Event: 1.827 Thread 0x000001cb3a967180 Thread exited: 0x000001cb3a967180
Event: 1.961 Thread 0x000001cb3ade59b0 Thread exited: 0x000001cb3ade59b0
Event: 1.968 Thread 0x000001cb3a391500 Thread exited: 0x000001cb3a391500
Event: 1.990 Thread 0x000001cb3a44db60 Thread added: 0x000001cb3a44db60
Event: 2.911 Thread 0x000001cb3a44f0a0 Thread added: 0x000001cb3a44f0a0
Event: 2.911 Thread 0x000001cb3a44e0b0 Thread added: 0x000001cb3a44e0b0
Event: 2.912 Thread 0x000001cb3a44f0a0 Thread exited: 0x000001cb3a44f0a0
Event: 2.912 Thread 0x000001cb39d63480 Thread exited: 0x000001cb39d63480
Event: 2.956 Thread 0x000001cb39ffe520 Thread exited: 0x000001cb39ffe520
Event: 3.013 Thread 0x000001cb3a44e0b0 Thread exited: 0x000001cb3a44e0b0


Dynamic libraries:
0x00007ff69d210000 - 0x00007ff69d21e000 	C:\Users\timon\.jdks\openjdk-19.0.2\bin\java.exe
0x00007fffd40b0000 - 0x00007fffd42c4000 	C:\WINDOWS\SYSTEM32\ntdll.dll
0x00007fffd3780000 - 0x00007fffd3842000 	C:\WINDOWS\System32\KERNEL32.DLL
0x00007fffd18c0000 - 0x00007fffd1c5c000 	C:\WINDOWS\System32\KERNELBASE.dll
0x00007fff90a90000 - 0x00007fff90b5f000 	C:\Program Files\Bitdefender\Bitdefender Security\bdhkm\dlls_266448933695333705\bdhkm64.dll
0x00007fff90950000 - 0x00007fff90a8c000 	C:\Program Files\Bitdefender\Bitdefender Security\atcuf\dlls_266432373162356002\atcuf64.dll
0x00007fffd1da0000 - 0x00007fffd1eb1000 	C:\WINDOWS\System32\ucrtbase.dll
0x00007fffc8410000 - 0x00007fffc8427000 	C:\Users\timon\.jdks\openjdk-19.0.2\bin\jli.dll
0x00007fffd35c0000 - 0x00007fffd376b000 	C:\WINDOWS\System32\USER32.dll
0x00007fffd14f0000 - 0x00007fffd1516000 	C:\WINDOWS\System32\win32u.dll
0x00007fffd3330000 - 0x00007fffd3359000 	C:\WINDOWS\System32\GDI32.dll
0x00007fffd1520000 - 0x00007fffd1633000 	C:\WINDOWS\System32\gdi32full.dll
0x00007fffd16b0000 - 0x00007fffd174a000 	C:\WINDOWS\System32\msvcp_win.dll
0x00007fffc6ae0000 - 0x00007fffc6afb000 	C:\Users\timon\.jdks\openjdk-19.0.2\bin\VCRUNTIME140.dll
0x00007fffb06f0000 - 0x00007fffb097e000 	C:\WINDOWS\WinSxS\amd64_microsoft.windows.common-controls_6595b64144ccf1df_6.0.22621.608_none_a9444ca7c10bb01d\COMCTL32.dll
0x00007fffd3360000 - 0x00007fffd3407000 	C:\WINDOWS\System32\msvcrt.dll
0x00007fffd3f10000 - 0x00007fffd3f41000 	C:\WINDOWS\System32\IMM32.DLL
0x00007fffce1e0000 - 0x00007fffce1ec000 	C:\Users\timon\.jdks\openjdk-19.0.2\bin\vcruntime140_1.dll
0x00007fffbef60000 - 0x00007fffbefee000 	C:\Users\timon\.jdks\openjdk-19.0.2\bin\msvcp140.dll
0x00007fff42420000 - 0x00007fff430e0000 	C:\Users\timon\.jdks\openjdk-19.0.2\bin\server\jvm.dll
0x00007fffd2d00000 - 0x00007fffd2dae000 	C:\WINDOWS\System32\ADVAPI32.dll
0x00007fffd3850000 - 0x00007fffd38f4000 	C:\WINDOWS\System32\sechost.dll
0x00007fffd3df0000 - 0x00007fffd3f07000 	C:\WINDOWS\System32\RPCRT4.dll
0x00007fffa0100000 - 0x00007fffa0109000 	C:\WINDOWS\SYSTEM32\WSOCK32.dll
0x00007fffd2c80000 - 0x00007fffd2cf1000 	C:\WINDOWS\System32\WS2_32.dll
0x00007fffc5d00000 - 0x00007fffc5d34000 	C:\WINDOWS\SYSTEM32\WINMM.dll
0x00007fffc2c80000 - 0x00007fffc2c8a000 	C:\WINDOWS\SYSTEM32\VERSION.dll
0x00007fffd0600000 - 0x00007fffd0618000 	C:\WINDOWS\SYSTEM32\kernel.appcore.dll
0x00007fffce180000 - 0x00007fffce18a000 	C:\Users\timon\.jdks\openjdk-19.0.2\bin\jimage.dll
0x00007fffceed0000 - 0x00007fffcf0fe000 	C:\WINDOWS\SYSTEM32\DBGHELP.DLL
0x00007fffd2de0000 - 0x00007fffd3169000 	C:\WINDOWS\System32\combase.dll
0x00007fffd1ed0000 - 0x00007fffd1fa7000 	C:\WINDOWS\System32\OLEAUT32.dll
0x00007fffbe150000 - 0x00007fffbe182000 	C:\WINDOWS\SYSTEM32\dbgcore.DLL
0x00007fffd1c60000 - 0x00007fffd1cdb000 	C:\WINDOWS\System32\bcryptPrimitives.dll
0x00007fffc8400000 - 0x00007fffc840e000 	C:\Users\timon\.jdks\openjdk-19.0.2\bin\instrument.dll
0x00007fffc5110000 - 0x00007fffc5136000 	C:\Users\timon\.jdks\openjdk-19.0.2\bin\java.dll
0x00007fffaa8a0000 - 0x00007fffaa977000 	C:\Users\timon\.jdks\openjdk-19.0.2\bin\jsvml.dll
0x00007fffd20c0000 - 0x00007fffd28b0000 	C:\WINDOWS\System32\SHELL32.dll
0x00007fffcf4b0000 - 0x00007fffcfd7d000 	C:\WINDOWS\SYSTEM32\windows.storage.dll
0x00007fffcf370000 - 0x00007fffcf4ae000 	C:\WINDOWS\SYSTEM32\wintypes.dll
0x00007fffd3f70000 - 0x00007fffd4061000 	C:\WINDOWS\System32\SHCORE.dll
0x00007fffd2900000 - 0x00007fffd295e000 	C:\WINDOWS\System32\shlwapi.dll
0x00007fffd1420000 - 0x00007fffd1441000 	C:\WINDOWS\SYSTEM32\profapi.dll
0x00007fffc2c20000 - 0x00007fffc2c38000 	C:\Users\timon\.jdks\openjdk-19.0.2\bin\zip.dll
0x00007fffc6ac0000 - 0x00007fffc6ad3000 	C:\Users\timon\.jdks\openjdk-19.0.2\bin\net.dll
0x00007fffc81d0000 - 0x00007fffc8307000 	C:\WINDOWS\SYSTEM32\WINHTTP.dll
0x00007fffd0aa0000 - 0x00007fffd0b09000 	C:\WINDOWS\system32\mswsock.dll
0x00007fffc3010000 - 0x00007fffc3026000 	C:\Users\timon\.jdks\openjdk-19.0.2\bin\nio.dll
0x00007fffafd80000 - 0x00007fffafd9a000 	C:\Users\timon\AppData\Local\JetBrains\Toolbox\apps\IDEA-U\ch-0\231.8109.175\bin\breakgen64.dll
0x00007fffc69e0000 - 0x00007fffc69e8000 	C:\Users\timon\.jdks\openjdk-19.0.2\bin\extnet.dll
0x00007fff6d260000 - 0x00007fff6d3f0000 	C:\Users\timon\.jdks\openjdk-19.0.2\bin\awt.dll
0x00007fffce410000 - 0x00007fffce4a6000 	C:\WINDOWS\SYSTEM32\apphelp.dll
0x00007fffce720000 - 0x00007fffce74b000 	C:\WINDOWS\system32\DWMAPI.DLL
0x00007fffce4f0000 - 0x00007fffce59b000 	C:\WINDOWS\system32\uxtheme.dll
0x00007fffa4cb0000 - 0x00007fffa4db0000 	C:\WINDOWS\system32\opengl32.dll
0x00007fffb6eb0000 - 0x00007fffb6edd000 	C:\WINDOWS\SYSTEM32\GLU32.dll
0x00007fffce5d0000 - 0x00007fffce606000 	C:\WINDOWS\SYSTEM32\dxcore.dll
0x00007fffd34a0000 - 0x00007fffd35be000 	C:\WINDOWS\System32\MSCTF.dll
0x00007fffd2960000 - 0x00007fffd2afc000 	C:\WINDOWS\System32\ole32.dll
0x00007fff98120000 - 0x00007fff981a6000 	C:\Users\timon\.jdks\openjdk-19.0.2\bin\freetype.dll
0x00007fff98050000 - 0x00007fff98116000 	C:\Users\timon\.jdks\openjdk-19.0.2\bin\fontmanager.dll
0x000001cb0f160000 - 0x000001cb0f163000 	C:\Users\timon\.jdks\openjdk-19.0.2\bin\api-ms-win-crt-locale-l1-1-0.dll
0x000001cb0f170000 - 0x000001cb0f174000 	C:\Users\timon\.jdks\openjdk-19.0.2\bin\api-ms-win-crt-string-l1-1-0.dll
0x000001cb0f180000 - 0x000001cb0f184000 	C:\Users\timon\.jdks\openjdk-19.0.2\bin\api-ms-win-crt-stdio-l1-1-0.dll
0x000001cb0f190000 - 0x000001cb0f195000 	C:\Users\timon\.jdks\openjdk-19.0.2\bin\api-ms-win-crt-math-l1-1-0.dll
0x000001cb0f1a0000 - 0x000001cb0f1a3000 	C:\Users\timon\.jdks\openjdk-19.0.2\bin\api-ms-win-crt-heap-l1-1-0.dll
0x000001cb0f1b0000 - 0x000001cb0f1b4000 	C:\Users\timon\.jdks\openjdk-19.0.2\bin\api-ms-win-crt-runtime-l1-1-0.dll
0x000001cb0f760000 - 0x000001cb0f764000 	C:\Users\timon\.jdks\openjdk-19.0.2\bin\api-ms-win-crt-convert-l1-1-0.dll
0x000001cb0f770000 - 0x000001cb0f773000 	C:\Users\timon\.jdks\openjdk-19.0.2\bin\api-ms-win-crt-environment-l1-1-0.dll
0x000001cb0f780000 - 0x000001cb0f783000 	C:\Users\timon\.jdks\openjdk-19.0.2\bin\api-ms-win-crt-time-l1-1-0.dll
0x000001cb0f790000 - 0x000001cb0f793000 	C:\Users\timon\.jdks\openjdk-19.0.2\bin\api-ms-win-crt-filesystem-l1-1-0.dll
0x000001cb0f7a0000 - 0x000001cb0f7a3000 	C:\Users\timon\.jdks\openjdk-19.0.2\bin\api-ms-win-crt-utility-l1-1-0.dll
0x000001cb0f7b0000 - 0x000001cb0f7b5000 	C:\Users\timon\.jdks\openjdk-19.0.2\bin\api-ms-win-crt-multibyte-l1-1-0.dll
0x000001cb0f7c0000 - 0x000001cb0f7c3000 	C:\Users\timon\.jdks\openjdk-19.0.2\bin\api-ms-win-crt-conio-l1-1-0.dll
0x000001cb0f7d0000 - 0x000001cb0f7e0000 	C:\Users\timon\.jdks\openjdk-19.0.2\bin\api-ms-win-crt-private-l1-1-0.dll
0x000001cb0f7e0000 - 0x000001cb0f7e3000 	C:\Users\timon\.jdks\openjdk-19.0.2\bin\api-ms-win-crt-process-l1-1-0.dll
0x000001cb35b00000 - 0x000001cb35b03000 	C:\Users\timon\.jdks\openjdk-19.0.2\bin\api-ms-win-core-console-l1-2-0.dll
0x000001cb35b10000 - 0x000001cb35b13000 	C:\Users\timon\.jdks\openjdk-19.0.2\bin\api-ms-win-core-string-l1-1-0.dll
0x000001cb35b20000 - 0x000001cb35b23000 	C:\Users\timon\.jdks\openjdk-19.0.2\bin\api-ms-win-core-errorhandling-l1-1-0.dll
0x000001cb35b30000 - 0x000001cb35b33000 	C:\Users\timon\.jdks\openjdk-19.0.2\bin\api-ms-win-core-timezone-l1-1-0.dll
0x000001cb35b40000 - 0x000001cb35b44000 	C:\Users\timon\.jdks\openjdk-19.0.2\bin\api-ms-win-core-file-l1-1-0.dll
0x000001cb35b50000 - 0x000001cb35b53000 	C:\Users\timon\.jdks\openjdk-19.0.2\bin\api-ms-win-core-namedpipe-l1-1-0.dll
0x000001cb35b60000 - 0x000001cb35b63000 	C:\Users\timon\.jdks\openjdk-19.0.2\bin\api-ms-win-core-handle-l1-1-0.dll
0x000001cb35b70000 - 0x000001cb35b73000 	C:\Users\timon\.jdks\openjdk-19.0.2\bin\api-ms-win-core-file-l2-1-0.dll
0x000001cb35b80000 - 0x000001cb35b83000 	C:\Users\timon\.jdks\openjdk-19.0.2\bin\api-ms-win-core-heap-l1-1-0.dll
0x000001cb35b90000 - 0x000001cb35b93000 	C:\Users\timon\.jdks\openjdk-19.0.2\bin\api-ms-win-core-libraryloader-l1-1-0.dll
0x000001cb35ba0000 - 0x000001cb35ba3000 	C:\Users\timon\.jdks\openjdk-19.0.2\bin\api-ms-win-core-synch-l1-1-0.dll
0x000001cb35bb0000 - 0x000001cb35bb3000 	C:\Users\timon\.jdks\openjdk-19.0.2\bin\api-ms-win-core-processthreads-l1-1-0.dll
0x000001cb35bc0000 - 0x000001cb35bc3000 	C:\Users\timon\.jdks\openjdk-19.0.2\bin\api-ms-win-core-processenvironment-l1-1-0.dll
0x000001cb35bd0000 - 0x000001cb35bd3000 	C:\Users\timon\.jdks\openjdk-19.0.2\bin\api-ms-win-core-datetime-l1-1-0.dll
0x000001cb35be0000 - 0x000001cb35be3000 	C:\Users\timon\.jdks\openjdk-19.0.2\bin\api-ms-win-core-localization-l1-2-0.dll
0x000001cb35bf0000 - 0x000001cb35bf3000 	C:\Users\timon\.jdks\openjdk-19.0.2\bin\api-ms-win-core-sysinfo-l1-1-0.dll
0x000001cb3aac0000 - 0x000001cb3aac3000 	C:\Users\timon\.jdks\openjdk-19.0.2\bin\api-ms-win-core-synch-l1-2-0.dll
0x000001cb3aad0000 - 0x000001cb3aad3000 	C:\Users\timon\.jdks\openjdk-19.0.2\bin\api-ms-win-core-console-l1-1-0.dll
0x000001cb3aae0000 - 0x000001cb3aae3000 	C:\Users\timon\.jdks\openjdk-19.0.2\bin\api-ms-win-core-debug-l1-1-0.dll
0x000001cb3aaf0000 - 0x000001cb3aaf3000 	C:\Users\timon\.jdks\openjdk-19.0.2\bin\api-ms-win-core-rtlsupport-l1-1-0.dll
0x000001cb3ab00000 - 0x000001cb3ab03000 	C:\Users\timon\.jdks\openjdk-19.0.2\bin\api-ms-win-core-processthreads-l1-1-1.dll
0x000001cb3ab10000 - 0x000001cb3ab13000 	C:\Users\timon\.jdks\openjdk-19.0.2\bin\api-ms-win-core-file-l1-2-0.dll
0x000001cb3ab20000 - 0x000001cb3ab23000 	C:\Users\timon\.jdks\openjdk-19.0.2\bin\api-ms-win-core-profile-l1-1-0.dll
0x000001cb3ab30000 - 0x000001cb3ab33000 	C:\Users\timon\.jdks\openjdk-19.0.2\bin\api-ms-win-core-memory-l1-1-0.dll
0x000001cb3ab40000 - 0x000001cb3ab43000 	C:\Users\timon\.jdks\openjdk-19.0.2\bin\api-ms-win-core-util-l1-1-0.dll
0x000001cb3ab50000 - 0x000001cb3ab53000 	C:\Users\timon\.jdks\openjdk-19.0.2\bin\api-ms-win-core-interlocked-l1-1-0.dll
0x00007fff89ab0000 - 0x00007fff89bb0000 	C:\Users\timon\.jdks\openjdk-19.0.2\bin\ucrtbase.dll
0x00007fffb8c80000 - 0x00007fffb8c89000 	C:\Windows\System32\msvcp140_1.dll
0x00007fff919c0000 - 0x00007fff91a0e000 	C:\Windows\System32\concrt140.dll
0x00007fff99110000 - 0x00007fff99141000 	C:\Windows\System32\vcomp140.dll
0x00007fff6b5e0000 - 0x00007fff6b812000 	C:\Users\timon\.javacpp\cache\jaylib-4.2.0-1.jar\com\raylib\windows-x86_64\jniRaylib.dll
0x00007fffd2010000 - 0x00007fffd20c0000 	C:\WINDOWS\System32\clbcatq.dll
0x00007fffcc980000 - 0x00007fffccb30000 	C:\WINDOWS\SYSTEM32\WindowsCodecs.dll
0x00007fffa8db0000 - 0x00007fffa8e0e000 	C:\WINDOWS\system32\dataexchange.dll
0x00007fffc5140000 - 0x00007fffc53aa000 	C:\WINDOWS\system32\twinapi.appcore.dll
0x00007fffc2480000 - 0x00007fffc25ae000 	C:\WINDOWS\SYSTEM32\textinputframework.dll
0x00007fffc2960000 - 0x00007fffc29c9000 	C:\WINDOWS\system32\Oleacc.dll
0x00007fff89a60000 - 0x00007fff89aa6000 	C:\WINDOWS\SYSTEM32\dinput8.dll
0x00007fffaf420000 - 0x00007fffaf431000 	C:\WINDOWS\SYSTEM32\xinput1_4.dll
0x00007fffd11e0000 - 0x00007fffd122e000 	C:\WINDOWS\SYSTEM32\cfgmgr32.dll
0x00007fffd11b0000 - 0x00007fffd11dc000 	C:\WINDOWS\SYSTEM32\DEVOBJ.dll
0x00007fffb97c0000 - 0x00007fffb99c1000 	C:\WINDOWS\SYSTEM32\inputhost.dll
0x00007fffce040000 - 0x00007fffce173000 	C:\WINDOWS\SYSTEM32\CoreMessaging.dll
0x00007fffd0d00000 - 0x00007fffd0d0c000 	C:\WINDOWS\SYSTEM32\CRYPTBASE.DLL
0x00007fffcfd80000 - 0x00007fffcfd8e000 	C:\WINDOWS\SYSTEM32\HID.DLL
0x00007fffd3960000 - 0x00007fffd3dd4000 	C:\WINDOWS\System32\SETUPAPI.DLL
0x00007fffd1640000 - 0x00007fffd16ab000 	C:\WINDOWS\System32\WINTRUST.dll
0x00007fffd1750000 - 0x00007fffd18b6000 	C:\WINDOWS\System32\CRYPT32.dll
0x00007fffd1190000 - 0x00007fffd11a2000 	C:\WINDOWS\SYSTEM32\MSASN1.dll
0x00007fffc8610000 - 0x00007fffc897c000 	C:\WINDOWS\SYSTEM32\CoreUIComponents.dll
0x00007fffc9720000 - 0x00007fffc9768000 	C:\WINDOWS\SYSTEM32\directxdatabasehelper.dll
0x00007fffc6000000 - 0x00007fffc6134000 	C:\Windows\System32\AppXDeploymentClient.dll

dbghelp: loaded successfully - version: 4.0.5 - missing functions: none
symbol engine: initialized successfully - sym options: 0x614 - pdb path: .;C:\Users\timon\.jdks\openjdk-19.0.2\bin;C:\WINDOWS\SYSTEM32;C:\Program Files\Bitdefender\Bitdefender Security\bdhkm\dlls_266448933695333705;C:\Program Files\Bitdefender\Bitdefender Security\atcuf\dlls_266432373162356002;C:\WINDOWS\WinSxS\amd64_microsoft.windows.common-controls_6595b64144ccf1df_6.0.22621.608_none_a9444ca7c10bb01d;C:\Users\timon\.jdks\openjdk-19.0.2\bin\server;C:\Users\timon\AppData\Local\JetBrains\Toolbox\apps\IDEA-U\ch-0\231.8109.175\bin;C:\Users\timon\.javacpp\cache\jaylib-4.2.0-1.jar\com\raylib\windows-x86_64;C:\WINDOWS\System32\DriverStore\FileRepository\iigd_dch.inf_amd64_73022b365386aa77

VM Arguments:
jvm_args: -javaagent:C:\Users\timon\AppData\Local\JetBrains\Toolbox\apps\IDEA-U\ch-0\231.8109.175\lib\idea_rt.jar=62302:C:\Users\timon\AppData\Local\JetBrains\Toolbox\apps\IDEA-U\ch-0\231.8109.175\bin -Dfile.encoding=UTF-8 -Dsun.stdout.encoding=UTF-8 -Dsun.stderr.encoding=UTF-8 
java_command: Main C:\Users\timon\Desktop\Coding_files\java\Voxatron\Assets\
java_class_path (initial): C:\Users\timon\Desktop\Coding_files\java\Voxatron\out\production\Voxatron;C:\Users\timon\Desktop\Coding_files\java\Voxatron\Voxatron-Engine\lib\jaylib-4.2.0-1.jar
Launcher Type: SUN_STANDARD

[Global flags]
     intx CICompilerCount                          = 12                                        {product} {ergonomic}
     uint ConcGCThreads                            = 4                                         {product} {ergonomic}
     uint G1ConcRefinementThreads                  = 15                                        {product} {ergonomic}
   size_t G1HeapRegionSize                         = 2097152                                   {product} {ergonomic}
    uintx GCDrainStackTargetSize                   = 64                                        {product} {ergonomic}
   size_t InitialHeapSize                          = 264241152                                 {product} {ergonomic}
   size_t MarkStackSize                            = 4194304                                   {product} {ergonomic}
   size_t MaxHeapSize                              = 4215275520                                {product} {ergonomic}
   size_t MaxNewSize                               = 2529165312                                {product} {ergonomic}
   size_t MinHeapDeltaBytes                        = 2097152                                   {product} {ergonomic}
   size_t MinHeapSize                              = 8388608                                   {product} {ergonomic}
    uintx NonNMethodCodeHeapSize                   = 7602480                                {pd product} {ergonomic}
    uintx NonProfiledCodeHeapSize                  = 122027880                              {pd product} {ergonomic}
    uintx ProfiledCodeHeapSize                     = 122027880                              {pd product} {ergonomic}
    uintx ReservedCodeCacheSize                    = 251658240                              {pd product} {ergonomic}
     bool SegmentedCodeCache                       = true                                      {product} {ergonomic}
   size_t SoftMaxHeapSize                          = 4215275520                             {manageable} {ergonomic}
     bool UseCompressedClassPointers               = true                           {product lp64_product} {ergonomic}
     bool UseCompressedOops                        = true                           {product lp64_product} {ergonomic}
     bool UseG1GC                                  = true                                      {product} {ergonomic}
     bool UseLargePagesIndividualAllocation        = false                                  {pd product} {ergonomic}

Logging:
Log output configuration:
 #0: stdout all=off uptime,level,tags foldmultilines=false
 #1: stderr all=off uptime,level,tags foldmultilines=false

Environment Variables:
PATH=C:\Program Files\Common Files\Oracle\Java\javapath;C:\Windows\system32;C:\Windows;C:\Windows\System32\Wbem;C:\Windows\System32\WindowsPowerShell\v1.0\;C:\Windows\System32\OpenSSH\;C:\Program Files\Git\cmd;C:\Program Files (x86)\Bitvise SSH Client;C:\Program Files\dotnet\;C:\Program Files\Microsoft SQL Server\150\Tools\Binn\;C:\Program Files\Microsoft SQL Server\Client SDK\ODBC\170\Tools\Binn\;C:\WINDOWS\system32;C:\WINDOWS;C:\WINDOWS\System32\Wbem;C:\WINDOWS\System32\WindowsPowerShell\v1.0\;C:\WINDOWS\System32\OpenSSH\;C:\Program Files\nodejs\;C:\Users\timon\AppData\Local\Programs\Python\Python311\Scripts\;C:\Users\timon\AppData\Local\Programs\Python\Python311\;C:\Users\timon\AppData\Local\Microsoft\WindowsApps;C:\Users\timon\AppData\Local\JetBrains\Toolbox\scripts;C:\Users\timon\.dotnet\tools;C:\Users\timon\AppData\Local\Programs\Microsoft VS Code\bin;C:\Users\timon\AppData\Local\Microsoft\WindowsApps;C:\Users\timon\AppData\Local\GitHubDesktop\bin;C:\Users\timon\AppData\Roaming\npm
USERNAME=timon
OS=Windows_NT
PROCESSOR_IDENTIFIER=Intel64 Family 6 Model 154 Stepping 3, GenuineIntel
TMP=C:\Users\timon\AppData\Local\Temp
TEMP=C:\Users\timon\AppData\Local\Temp



---------------  S Y S T E M  ---------------

OS:
 Windows 11 , 64 bit Build 22621 (10.0.22621.1485)
OS uptime: 0 days 11:59 hours
Hyper-V role detected

CPU: total 20 (initial active 20) (10 cores per cpu, 2 threads per core) family 6 model 154 stepping 3 microcode 0x41e, cx8, cmov, fxsr, ht, mmx, 3dnowpref, sse, sse2, sse3, ssse3, sse4.1, sse4.2, popcnt, lzcnt, tsc, tscinvbit, avx, avx2, aes, erms, clmul, bmi1, bmi2, adx, sha, fma, vzeroupper, clflush, clflushopt, clwb, hv, serialize, rdtscp, rdpid, fsrm

Memory: 4k page, system-wide physical 16074M (3084M free)
TotalPageFile size 21214M (AvailPageFile size 2948M)
current process WorkingSet (physical memory assigned to process): 438M, peak: 515M
current process commit charge ("private bytes"): 686M, peak: 764M

vm_info: OpenJDK 64-Bit Server VM (19.0.2+7-44) for windows-amd64 JRE (19.0.2+7-44), built on 2022-11-30T18:02:09Z by "mach5one" with MS VC++ 17.1 (VS2022)

END.
